77.0
77.0
77.45
77.9
77.9
78.8
78.8
79.25
79.7
80.15
80.15
80.6
81.05
81.95
81.95
81.95
82.4
82.85
82.85
83.3
83.75
83.3
83.3
83.3
82.85
82.85
82.85
82.85
82.85
82.85
82.4
82.4
82.4
82.4
82.4
81.95
81.95
81.95
81.95
81.05
81.05
81.05
81.05
81.05
81.05
81.05
81.05
81.05
81.05
80.6
80.6
80.6
80.6
80.6
80.6
80.6
80.6
80.6
80.6
80.6
80.6
80.6
80.6
80.6
80.6
80.15
80.15
80.6
80.6
81.05
80.6
80.15
80.15
80.15
80.15
80.15
79.7
79.7
79.7
79.7
79.7
79.25
78.8
78.8
78.35
78.35
78.35
77.9
77.9
77.45
77.0
77.0
76.55
76.1
76.1
76.1
76.1
77.0
77.45
77.45
77.9
78.35
78.8
78.8
78.8
78.8
78.8
78.8
78.8
78.35
77.9
77.45
77.9
77.45
77.45
